2026-07-01 12:58:20,253 | INFO | Trading Bot Started
2026-07-01 14:03:39,987 | INFO | Bot started in paper mode
2026-07-01 14:03:39,987 | INFO | Trading pair:BTCUSDT
2026-07-01 14:14:51,357 | INFO | Fetched price forBTCUSDT: 35128.35
2026-07-01 14:14:51,357 | INFO | Current Price:35128.35
2026-07-01 14:36:13,399 | INFO | Fetched price forBTCUSDT: 62888.36
2026-07-01 14:36:13,400 | INFO | Current Price:62888.36
2026-07-01 14:59:40,095 | INFO | Fetched price forBTCUSDT: 44549.27
2026-07-01 15:01:03,435 | INFO | Fetched price forBTCUSDT: 45987.16
2026-07-01 15:02:52,235 | INFO | Fetched price forBTCUSDT: 56375.34
2026-07-01 15:02:52,235 | INFO | strategy decision:HOLD at price56375.34
2026-07-01 15:02:52,235 | INFO | Final Decision:HOLD
2026-07-02 10:29:51,237 | INFO | Market Order Placed:{'orderId': 18405588285, 'symbol': 'BTCUSDT', 'status': 'NEW', 'clientOrderId': 'x-Cb7ytekJe8f8ad04ea32d707a6d0d0', 'price': '0.00', 'origQty': '0.0010', 'executedQty': '0.0000', 'cumQty': '0.0000', 'timeInForce': 'GTC', 'type': 'MARKET', 'reduceOnly': False, 'closePosition': False, 'side': 'BUY', 'positionSide': 'BOTH', 'stopPrice': '0.00', 'workingType': 'CONTRACT_PRICE', 'priceProtect': False, 'origType': 'MARKET', 'priceMatch': 'NONE', 'selfTradePreventionMode': 'EXPIRE_MAKER', 'goodTillDate': 0, 'updateTime': 1782968368040}
2026-07-02 11:12:36,326 | INFO | Limit Order Placed:{'orderId': 18412735465, 'symbol': 'BTCUSDT', 'status': 'NEW', 'clientOrderId': 'x-Cb7ytekJf5277709e37732541f1d45', 'price': '5000.00', 'origQty': '0.0100', 'executedQty': '0.0000', 'cumQty': '0.0000', 'timeInForce': 'GTC', 'type': 'LIMIT', 'reduceOnly': False, 'closePosition': False, 'side': 'BUY', 'positionSide': 'BOTH', 'stopPrice': '0.00', 'workingType': 'CONTRACT_PRICE', 'priceProtect': False, 'origType': 'LIMIT', 'priceMatch': 'NONE', 'selfTradePreventionMode': 'EXPIRE_MAKER', 'goodTillDate': 0, 'updateTime': 1782970933196}
2026-07-02 11:30:09,451 | INFO | Limit Order Placed:{'orderId': 18415714686, 'symbol': 'BTCUSDT', 'status': 'NEW', 'clientOrderId': 'x-Cb7ytekJac425d76ddbe909de627a1', 'price': '90000.00', 'origQty': '0.0100', 'executedQty': '0.0000', 'cumQty': '0.0000', 'timeInForce': 'GTC', 'type': 'LIMIT', 'reduceOnly': False, 'closePosition': False, 'side': 'SELL', 'positionSide': 'BOTH', 'stopPrice': '0.00', 'workingType': 'CONTRACT_PRICE', 'priceProtect': False, 'origType': 'LIMIT', 'priceMatch': 'NONE', 'selfTradePreventionMode': 'EXPIRE_MAKER', 'goodTillDate': 0, 'updateTime': 1782971986433}
2026-07-02 11:30:49,606 | INFO | Market Order Placed:{'orderId': 18415822003, 'symbol': 'BTCUSDT', 'status': 'NEW', 'clientOrderId': 'x-Cb7ytekJad33919f906c14eaf56a4e', 'price': '0.00', 'origQty': '0.0100', 'executedQty': '0.0000', 'cumQty': '0.0000', 'timeInForce': 'GTC', 'type': 'MARKET', 'reduceOnly': False, 'closePosition': False, 'side': 'SELL', 'positionSide': 'BOTH', 'stopPrice': '0.00', 'workingType': 'CONTRACT_PRICE', 'priceProtect': False, 'origType': 'MARKET', 'priceMatch': 'NONE', 'selfTradePreventionMode': 'EXPIRE_MAKER', 'goodTillDate': 0, 'updateTime': 1782972026589}
2026-07-02 12:27:21,700 | INFO | Request: STOP_LIMIT order | symbol=BTCUSDT side=SELL quantity=0.01 stop_price=60000.0 price=80000.0
2026-07-02 12:27:22,321 | INFO | Response: Stop-Limit order placed successfully | {'algoId': 1000000122006664, 'clientAlgoId': 'x-Cb7ytekJfafeb562aef7eeee80bc01', 'algoType': 'CONDITIONAL', 'orderType': 'STOP', 'symbol': 'BTCUSDT', 'side': 'SELL', 'positionSide': 'BOTH', 'timeInForce': 'GTC', 'quantity': '0.0100', 'algoStatus': 'NEW', 'triggerPrice': '60000.00', 'price': '80000.00', 'icebergQuantity': None, 'selfTradePreventionMode': 'EXPIRE_MAKER', 'workingType': 'CONTRACT_PRICE', 'priceMatch': 'NONE', 'closePosition': False, 'priceProtect': False, 'reduceOnly': False, 'createTime': 1782975419186, 'updateTime': 1782975419191, 'triggerTime': 0, 'goodTillDate': 0}
2026-07-02 12:35:31,178 | INFO | Request: LIMIT order | symbol=BTCUSDT side=SELL quantity=0.01 price=5000.0
2026-07-02 12:35:31,642 | ERROR | Limit order failed - API error: APIError(code=-4024): Limit price can't be lower than 57207.63.
2026-07-02 12:38:01,363 | INFO | Request: LIMIT order | symbol=BTCUSDT side=SELL quantity=0.01 price=60000.0
2026-07-02 12:38:02,903 | INFO | Response: Limit order placed successfully | {'orderId': 18427104642, 'symbol': 'BTCUSDT', 'status': 'NEW', 'clientOrderId': 'x-Cb7ytekJdf9d9354b0a953649672a', 'price': '60000.00', 'origQty': '0.0100', 'executedQty': '0.0000', 'cumQty': '0.0000', 'timeInForce': 'GTC', 'type': 'LIMIT', 'reduceOnly': False, 'closePosition': False, 'side': 'SELL', 'positionSide': 'BOTH', 'stopPrice': '0.00', 'workingType': 'CONTRACT_PRICE', 'priceProtect': False, 'origType': 'LIMIT', 'priceMatch': 'NONE', 'selfTradePreventionMode': 'EXPIRE_MAKER', 'goodTillDate': 0, 'updateTime': 1782976059268}
